<?xml version="1.0" encoding="UTF-8"?>
<!-- Generated by org.testng.reporters.JUnitXMLReporter -->
<testsuite ignored="0" hostname="DESKTOP-AFOKIGP" failures="2" tests="2" name="Test" time="25.729" errors="0" timestamp="2023-04-11T16:56:47 IST">
  <testcase classname="com.demowebshop.automation.testscripts.TS_login" name="loginscript" time="6.731">
    <failure type="java.lang.AssertionError" message="The following asserts failed:
	expected [Please enter a valid email address] but found [Please enter a valid email address.]">
      <![CDATA[java.lang.AssertionError: The following asserts failed:
expected [Please enter a valid email address] but found [Please enter a valid email address.]
at com.demowebshop.automation.testscripts.TS_login.loginscript(TS_login.java:38)
at java.base/java.util.ArrayList.forEach(ArrayList.java:1511)
... Removed 29 stack frames]]>
    </failure>
  </testcase> <!-- loginscript -->
  <testcase classname="com.demowebshop.automation.testscripts.TS_login" name="loginscript" time="6.598">
    <failure type="java.lang.AssertionError" message="The following asserts failed:
	expected [Please enter a valid email address] but found [Please enter a valid email address.]">
      <![CDATA[java.lang.AssertionError: The following asserts failed:
expected [Please enter a valid email address] but found [Please enter a valid email address.]
at com.demowebshop.automation.testscripts.TS_login.loginscript(TS_login.java:38)
at java.base/java.util.ArrayList.forEach(ArrayList.java:1511)
... Removed 29 stack frames]]>
    </failure>
  </testcase> <!-- loginscript -->
</testsuite> <!-- Test -->
